[05May2025 00:01:41.545] [Thread-1/WARN] [net.minecraftforge.fml.config.ConfigFileTypeHandler/CONFIG]: Configuration file /workspaces/ElServer/servidor_minecraft/config/sophisticatedcore-common.toml is not correct. Correcting
[05May2025 00:01:41.556] [Thread-1/WARN] [net.minecraftforge.fml.config.ConfigFileTypeHandler/CONFIG]: Configuration file /workspaces/ElServer/servidor_minecraft/config/sophisticatedcore-common.toml is not correct. Correcting
[05May2025 00:01:41.559] [Thread-1/WARN] [net.minecraftforge.fml.config.ConfigFileTypeHandler/CONFIG]: Configuration file /workspaces/ElServer/servidor_minecraft/config/mowziesmobs-common.toml is not correct. Correcting
[05May2025 00:01:41.622] [Thread-1/WARN] [net.minecraftforge.fml.config.ConfigFileTypeHandler/CONFIG]: Configuration file /workspaces/ElServer/servidor_minecraft/config/iceandfire-common.toml is not correct. Correcting
[05May2025 00:01:41.631] [Thread-1/WARN] [net.minecraftforge.fml.config.ConfigFileTypeHandler/CONFIG]: Configuration file /workspaces/ElServer/servidor_minecraft/config/iceandfire-common.toml is not correct. Correcting
[05May2025 00:01:41.670] [Thread-1/WARN] [net.minecraftforge.fml.config.ConfigFileTypeHandler/CONFIG]: Configuration file /workspaces/ElServer/servidor_minecraft/config/alexsmobs.toml is not correct. Correcting
[05May2025 00:01:41.711] [Thread-1/WARN] [net.minecraftforge.fml.config.ConfigFileTypeHandler/CONFIG]: Configuration file /workspaces/ElServer/servidor_minecraft/config/betterstrongholds-forge-1_20.toml is not correct. Correcting
[05May2025 00:01:41.715] [Thread-1/WARN] [net.minecraftforge.fml.config.ConfigFileTypeHandler/CONFIG]: Configuration file /workspaces/ElServer/servidor_minecraft/config/lootr-common.toml is not correct. Correcting
[05May2025 00:01:41.791] [Thread-1/WARN] [net.minecraftforge.fml.config.ConfigFileTypeHandler/CONFIG]: Configuration file /workspaces/ElServer/servidor_minecraft/config/lootr-common.toml is not correct. Correcting
[05May2025 00:02:09.146] [Thread-1/WARN] [net.minecraftforge.fml.config.ConfigFileTypeHandler/CONFIG]: Configuration file /workspaces/ElServer/servidor_minecraft/config/sophisticatedcore-common.toml is not correct. Correcting
[05May2025 00:02:09.160] [Thread-1/WARN] [net.minecraftforge.fml.config.ConfigFileTypeHandler/CONFIG]: Configuration file /workspaces/ElServer/servidor_minecraft/config/sophisticatedcore-common.toml is not correct. Correcting
[05May2025 00:02:09.353] [Thread-1/WARN] [net.minecraftforge.fml.config.ConfigFileTypeHandler/CONFIG]: Configuration file /workspaces/ElServer/servidor_minecraft/config/sophisticatedcore-common.toml is not correct. Correcting
[05May2025 00:02:09.358] [Thread-1/WARN] [net.minecraftforge.fml.config.ConfigFileTypeHandler/CONFIG]: Configuration file /workspaces/ElServer/servidor_minecraft/config/sophisticatedcore-common.toml is not correct. Correcting
[05May2025 00:02:09.576] [Thread-1/WARN] [net.minecraftforge.fml.config.ConfigFileTypeHandler/CONFIG]: Configuration file /workspaces/ElServer/servidor_minecraft/config/sophisticatedcore-common.toml is not correct. Correcting
[05May2025 00:02:09.580] [Thread-1/WARN] [net.minecraftforge.fml.config.ConfigFileTypeHandler/CONFIG]: Configuration file /workspaces/ElServer/servidor_minecraft/config/sophisticatedcore-common.toml is not correct. Correcting
[05May2025 00:02:09.601] [Thread-1/WARN] [net.minecraftforge.fml.config.ConfigFileTypeHandler/CONFIG]: Configuration file /workspaces/ElServer/servidor_minecraft/config/sophisticatedcore-common.toml is not correct. Correcting
[05May2025 00:02:09.607] [Thread-1/WARN] [net.minecraftforge.fml.config.ConfigFileTypeHandler/CONFIG]: Configuration file /workspaces/ElServer/servidor_minecraft/config/sophisticatedcore-common.toml is not correct. Correcting
[05May2025 00:02:09.611] [Thread-1/WARN] [net.minecraftforge.fml.config.ConfigFileTypeHandler/CONFIG]: Configuration file /workspaces/ElServer/servidor_minecraft/config/sophisticatedcore-common.toml is not correct. Correcting
[05May2025 00:02:09.666] [Thread-1/WARN] [net.minecraftforge.fml.config.ConfigFileTypeHandler/CONFIG]: Configuration file /workspaces/ElServer/servidor_minecraft/config/sophisticatedcore-common.toml is not correct. Correcting
[05May2025 00:02:10.650] [Thread-1/WARN] [net.minecraftforge.fml.config.ConfigFileTypeHandler/CONFIG]: Configuration file /workspaces/ElServer/servidor_minecraft/config/sophisticatedcore-common.toml is not correct. Correcting
[05May2025 00:02:10.885] [Thread-1/WARN] [net.minecraftforge.fml.config.ConfigFileTypeHandler/CONFIG]: Configuration file /workspaces/ElServer/servidor_minecraft/config/sophisticatedcore-common.toml is not correct. Correcting
[05May2025 00:02:10.890] [Thread-1/WARN] [net.minecraftforge.fml.config.ConfigFileTypeHandler/CONFIG]: Configuration file /workspaces/ElServer/servidor_minecraft/config/sophisticatedcore-common.toml is not correct. Correcting
[05May2025 00:02:10.908] [Thread-1/WARN] [net.minecraftforge.fml.config.ConfigFileTypeHandler/CONFIG]: Configuration file /workspaces/ElServer/servidor_minecraft/config/sophisticatedcore-common.toml is not correct. Correcting
[05May2025 00:02:10.920] [Thread-1/WARN] [net.minecraftforge.fml.config.ConfigFileTypeHandler/CONFIG]: Configuration file /workspaces/ElServer/servidor_minecraft/config/sophisticatedcore-common.toml is not correct. Correcting
[05May2025 00:02:10.922] [Thread-1/WARN] [net.minecraftforge.fml.config.ConfigFileTypeHandler/CONFIG]: Configuration file /workspaces/ElServer/servidor_minecraft/config/sophisticatedcore-common.toml is not correct. Correcting
[05May2025 00:02:11.181] [Thread-1/WARN] [net.minecraftforge.fml.config.ConfigFileTypeHandler/CONFIG]: Configuration file /workspaces/ElServer/servidor_minecraft/config/sophisticatedcore-common.toml is not correct. Correcting
[05May2025 00:02:11.185] [Thread-1/WARN] [net.minecraftforge.fml.config.ConfigFileTypeHandler/CONFIG]: Configuration file /workspaces/ElServer/servidor_minecraft/config/sophisticatedcore-common.toml is not correct. Correcting
[05May2025 00:02:11.966] [Thread-1/WARN] [net.minecraftforge.fml.config.ConfigFileTypeHandler/CONFIG]: Configuration file /workspaces/ElServer/servidor_minecraft/config/sophisticatedcore-common.toml is not correct. Correcting
[05May2025 00:02:12.204] [Thread-1/WARN] [net.minecraftforge.fml.config.ConfigFileTypeHandler/CONFIG]: Configuration file /workspaces/ElServer/servidor_minecraft/config/sophisticatedcore-common.toml is not correct. Correcting
[05May2025 00:02:12.411] [Thread-1/WARN] [net.minecraftforge.fml.config.ConfigFileTypeHandler/CONFIG]: Configuration file /workspaces/ElServer/servidor_minecraft/config/sophisticatedcore-common.toml is not correct. Correcting
[05May2025 00:02:12.431] [Thread-1/WARN] [net.minecraftforge.fml.config.ConfigFileTypeHandler/CONFIG]: Configuration file /workspaces/ElServer/servidor_minecraft/config/sophisticatedcore-common.toml is not correct. Correcting
